\BOOKMARK [0][-]{Doc-Start}{口試委員會審定書}{}% 1
\BOOKMARK [0][-]{chapter*.1}{Abstract}{}% 2
\BOOKMARK [0][-]{chapter.1}{Introduction}{}% 3
\BOOKMARK [0][-]{chapter.2}{Related\040Work}{}% 4
\BOOKMARK [0][-]{chapter.3}{Three\040Pinyin\040Input\040Methods}{}% 5
\BOOKMARK [1][-]{section.3.1}{Growing\040Finals}{chapter.3}% 6
\BOOKMARK [1][-]{section.3.2}{Pinyin\040Syllables}{chapter.3}% 7
\BOOKMARK [1][-]{section.3.3}{Standard\040QWERTY}{chapter.3}% 8
\BOOKMARK [1][-]{section.3.4}{Common\040Features}{chapter.3}% 9
\BOOKMARK [0][-]{chapter.4}{Evaluation}{}% 10
\BOOKMARK [1][-]{section.4.1}{Participants}{chapter.4}% 11
\BOOKMARK [1][-]{section.4.2}{Procedure}{chapter.4}% 12
\BOOKMARK [1][-]{section.4.3}{Results}{chapter.4}% 13
\BOOKMARK [1][-]{section.4.4}{Text\040Entry\040Performance}{chapter.4}% 14
\BOOKMARK [1][-]{section.4.5}{Error\040Rate}{chapter.4}% 15
\BOOKMARK [1][-]{section.4.6}{Keystrokes\040per\040Chinese\040Character}{chapter.4}% 16
\BOOKMARK [1][-]{section.4.7}{Utilized\040Bandwidth}{chapter.4}% 17
\BOOKMARK [1][-]{section.4.8}{User\040Preference}{chapter.4}% 18
\BOOKMARK [0][-]{chapter.5}{Limitation\040and\040Future\040Work}{}% 19
\BOOKMARK [0][-]{chapter.6}{Conclusion}{}% 20
\BOOKMARK [0][-]{chapter.6}{Bibliography}{}% 21
